<?xml version="1.0" encoding="UTF-8"?>
<testsuite name="CountryInfoService.TestSuite1" tests="21" failures="0" errors="0" time="7.531"><properties><property name="sun.desktop" value="windows"/><property name="awt.toolkit" value="sun.awt.windows.WToolkit"/><property name="java.specification.version" value="12"/><property name="sun.cpu.isalist" value="amd64"/><property name="sun.jnu.encoding" value="Cp1252"/><property name="java.class.path" value="C:\Program Files\SmartBear\SoapUI-5.6.0\bin\soapui-5.6.0.jar;C:\Program Files\SmartBear\SoapUI-5.6.0\bin\..\lib\activation-1.1.jar;C:\Program Files\SmartBear\SoapUI-5.6.0\bin\..\lib\analytics-core-5.5.1.jar;C:\Program Files\SmartBear\SoapUI-5.6.0\bin\..\lib\animal-sniffer-annotations-1.11.jar;C:\Program Files\SmartBear\SoapUI-5.6.0\bin\..\lib\bcprov-ext-jdk15on-1.60.jar;C:\Program Files\SmartBear\SoapUI-5.6.0\bin\..\lib\bcprov-jdk15-144.jar;C:\Program Files\SmartBear\SoapUI-5.6.0\bin\..\lib\bcprov-jdk15on-1.60.jar;C:\Program Files\SmartBear\SoapUI-5.6.0\bin\..\lib\binding-2.0.1.jar;C:\Program Files\SmartBear\SoapUI-5.6.0\bin\..\lib\commons-beanutils-1.7.0.jar;C:\Program Files\SmartBear\SoapUI-5.6.0\bin\..\lib\commons-cli-1.2.jar;C:\Program Files\SmartBear\SoapUI-5.6.0\bin\..\lib\commons-codec-1.10.jar;C:\Program Files\SmartBear\SoapUI-5.6.0\bin\..\lib\commons-collections-3.2.2.jar;C:\Program Files\SmartBear\SoapUI-5.6.0\bin\..\lib\commons-httpclient-3.1.jar;C:\Program Files\SmartBear\SoapUI-5.6.0\bin\..\lib\commons-io-2.4.jar;C:\Program Files\SmartBear\SoapUI-5.6.0\bin\..\lib\commons-lang-2.4.jar;C:\Program Files\SmartBear\SoapUI-5.6.0\bin\..\lib\commons-logging-1.2.jar;C:\Program Files\SmartBear\SoapUI-5.6.0\bin\..\lib\cssparser-0.9.5.jar;C:\Program Files\SmartBear\SoapUI-5.6.0\bin\..\lib\dom4j-1.6.1.jar;C:\Program Files\SmartBear\SoapUI-5.6.0\bin\..\lib\ezmorph-1.0.5.jar;C:\Program Files\SmartBear\SoapUI-5.6.0\bin\..\lib\flex-messaging-common-1.0.jar;C:\Program Files\SmartBear\SoapUI-5.6.0\bin\..\lib\flex-messaging-core-1.0.jar;C:\Program Files\SmartBear\SoapUI-5.6.0\bin\..\lib\flex-messaging-opt-1.0.jar;C:\Program Files\SmartBear\SoapUI-5.6.0\bin\..\lib\flex-messaging-proxy-1.0.jar;C:\Program Files\SmartBear\SoapUI-5.6.0\bin\..\lib\flex-messaging-remoting-1.0.jar;C:\Program Files\SmartBear\SoapUI-5.6.0\bin\..\lib\forms-1.0.7.jar;C:\Program Files\SmartBear\SoapUI-5.6.0\bin\..\lib\google-http-client-1.21.0.jar;C:\Program Files\SmartBear\SoapUI-5.6.0\bin\..\lib\google-oauth-client-1.21.0.jar;C:\Program Files\SmartBear\SoapUI-5.6.0\bin\..\lib\groovy-all-2.4.17.jar;C:\Program Files\SmartBear\SoapUI-5.6.0\bin\..\lib\guava-14.0.jar;C:\Program Files\SmartBear\SoapUI-5.6.0\bin\..\lib\hamcrest-core-1.3.jar;C:\Program Files\SmartBear\SoapUI-5.6.0\bin\..\lib\hermes-1.14.jar;C:\Program Files\SmartBear\SoapUI-5.6.0\bin\..\lib\htmlunit-2.7.jar;C:\Program Files\SmartBear\SoapUI-5.6.0\bin\..\lib\htmlunit-core-js-2.7.jar;C:\Program Files\SmartBear\SoapUI-5.6.0\bin\..\lib\httpclient-4.5.5.jar;C:\Program Files\SmartBear\SoapUI-5.6.0\bin\..\lib\httpclient-cache-4.5.5.jar;C:\Program Files\SmartBear\SoapUI-5.6.0\bin\..\lib\httpcore-4.4.9.jar;C:\Program Files\SmartBear\SoapUI-5.6.0\bin\..\lib\httpcore-nio-4.4.9.jar;C:\Program Files\SmartBear\SoapUI-5.6.0\bin\..\lib\httpmime-4.5.5.jar;C:\Program Files\SmartBear\SoapUI-5.6.0\bin\..\lib\i4jruntime-5.1.14.jar;C:\Program Files\SmartBear\SoapUI-5.6.0\bin\..\lib\javafx-base-12-win.jar;C:\Program Files\SmartBear\SoapUI-5.6.0\bin\..\lib\javafx-base-12.jar;C:\Program Files\SmartBear\SoapUI-5.6.0\bin\..\lib\javafx-controls-12-win.jar;C:\Program Files\SmartBear\SoapUI-5.6.0\bin\..\lib\javafx-controls-12.jar;C:\Program Files\SmartBear\SoapUI-5.6.0\bin\..\lib\javafx-graphics-12-win.jar;C:\Program Files\SmartBear\SoapUI-5.6.0\bin\..\lib\javafx-graphics-12.jar;C:\Program Files\SmartBear\SoapUI-5.6.0\bin\..\lib\javafx-media-12-win.jar;C:\Program Files\SmartBear\SoapUI-5.6.0\bin\..\lib\javafx-media-12.jar;C:\Program Files\SmartBear\SoapUI-5.6.0\bin\..\lib\javafx-swing-12-win.jar;C:\Program Files\SmartBear\SoapUI-5.6.0\bin\..\lib\javafx-web-12-win.jar;C:\Program Files\SmartBear\SoapUI-5.6.0\bin\..\lib\javassist-3.16.1-GA.jar;C:\Program Files\SmartBear\SoapUI-5.6.0\bin\..\lib\jaxb-api.jar;C:\Program Files\SmartBear\SoapUI-5.6.0\bin\..\lib\jaxb-impl-2.1.17.jar;C:\Program Files\SmartBear\SoapUI-5.6.0\bin\..\lib\jaxen-1.1-beta-8.jar;C:\Program Files\SmartBear\SoapUI-5.6.0\bin\..\lib\jcifs-1.2.9.jar;C:\Program Files\SmartBear\SoapUI-5.6.0\bin\..\lib\jdom-1.0.jar;C:\Program Files\SmartBear\SoapUI-5.6.0\bin\..\lib\jettison-1.2.jar;C:\Program Files\SmartBear\SoapUI-5.6.0\bin\..\lib\jetty-6.1.26.jar;C:\Program Files\SmartBear\SoapUI-5.6.0\bin\..\lib\jetty-util-6.1.26.jar;C:\Program Files\SmartBear\SoapUI-5.6.0\bin\..\lib\jide-action.jar;C:\Program Files\SmartBear\SoapUI-5.6.0\bin\..\lib\jide-common.jar;C:\Program Files\SmartBear\SoapUI-5.6.0\bin\..\lib\jide-components.jar;C:\Program Files\SmartBear\SoapUI-5.6.0\bin\..\lib\jide-dock.jar;C:\Program Files\SmartBear\SoapUI-5.6.0\bin\..\lib\jms-1.1.jar;C:\Program Files\SmartBear\SoapUI-5.6.0\bin\..\lib\joda-time-1.6.2.jar;C:\Program Files\SmartBear\SoapUI-5.6.0\bin\..\lib\js-1.7R2.jar;C:\Program Files\SmartBear\SoapUI-5.6.0\bin\..\lib\json-20090211.jar;C:\Program Files\SmartBear\SoapUI-5.6.0\bin\..\lib\json-lib-2.2.2-jdk15.jar;C:\Program Files\SmartBear\SoapUI-5.6.0\bin\..\lib\json-path-0.9.1.jar;C:\Program Files\SmartBear\SoapUI-5.6.0\bin\..\lib\json-smart-1.2.jar;C:\Program Files\SmartBear\SoapUI-5.6.0\bin\..\lib\jsr173_api-1.0.jar;C:\Program Files\SmartBear\SoapUI-5.6.0\bin\..\lib\jsr305-1.3.9.jar;C:\Program Files\SmartBear\SoapUI-5.6.0\bin\..\lib\jtidy-r872-jdk15.jar;C:\Program Files\SmartBear\SoapUI-5.6.0\bin\..\lib\junit-4.12.jar;C:\Program Files\SmartBear\SoapUI-5.6.0\bin\..\lib\l2fprod-common-directorychooser-7.3.jar;C:\Program Files\SmartBear\SoapUI-5.6.0\bin\..\lib\l2fprod-common-fontchooser-7.3.jar;C:\Program Files\SmartBear\SoapUI-5.6.0\bin\..\lib\log4j-1.2.14.jar;C:\Program Files\SmartBear\SoapUI-5.6.0\bin\..\lib\looks-2.2.0.jar;C:\Program Files\SmartBear\SoapUI-5.6.0\bin\..\lib\mail-1.4.jar;C:\Program Files\SmartBear\SoapUI-5.6.0\bin\..\lib\maven-plugin-api-2.0.jar;C:\Program Files\SmartBear\SoapUI-5.6.0\bin\..\lib\mixpanel-java-1.4.4.jar;C:\Program Files\SmartBear\SoapUI-5.6.0\bin\..\lib\nekohtml-1.9.14.jar;C:\Program Files\SmartBear\SoapUI-5.6.0\bin\..\lib\not-going-to-be-commons-ssl-0.3.20.jar;C:\Program Files\SmartBear\SoapUI-5.6.0\bin\..\lib\opensaml-2.5.1-1.jar;C:\Program Files\SmartBear\SoapUI-5.6.0\bin\..\lib\openws-1.4.2-1.jar;C:\Program Files\SmartBear\SoapUI-5.6.0\bin\..\lib\org.apache.oltu.oauth2.client-0.31.jar;C:\Program Files\SmartBear\SoapUI-5.6.0\bin\..\lib\org.apache.oltu.oauth2.common-0.31.jar;C:\Program Files\SmartBear\SoapUI-5.6.0\bin\..\lib\org.apache.oltu.oauth2.httpclient4-0.31.jar;C:\Program Files\SmartBear\SoapUI-5.6.0\bin\..\lib\out-app-analytics-provider-5.5.1.jar;C:\Program Files\SmartBear\SoapUI-5.6.0\bin\..\lib\proxy-vole-20131209.jar;C:\Program Files\SmartBear\SoapUI-5.6.0\bin\..\lib\reflections-0.9.9-RC1.jar;C:\Program Files\SmartBear\SoapUI-5.6.0\bin\..\lib\rsyntaxtextarea-2.5.0.jar;C:\Program Files\SmartBear\SoapUI-5.6.0\bin\..\lib\sac-1.3.jar;C:\Program Files\SmartBear\SoapUI-5.6.0\bin\..\lib\saxon-9.1.0.8j.jar;C:\Program Files\SmartBear\SoapUI-5.6.0\bin\..\lib\saxon-9.jar;C:\Program Files\SmartBear\SoapUI-5.6.0\bin\..\lib\saxon-dom-9.1.0.8j.jar;C:\Program Files\SmartBear\SoapUI-5.6.0\bin\..\lib\serializer-2.7.1.jar;C:\Program Files\SmartBear\SoapUI-5.6.0\bin\..\lib\servlet-api-2.5-20081211.jar;C:\Program Files\SmartBear\SoapUI-5.6.0\bin\..\lib\slf4j-api-1.6.1.jar;C:\Program Files\SmartBear\SoapUI-5.6.0\bin\..\lib\slf4j-log4j12-1.6.4.jar;C:\Program Files\SmartBear\SoapUI-5.6.0\bin\..\lib\stax-api-1.0.1.jar;C:\Program Files\SmartBear\SoapUI-5.6.0\bin\..\lib\swingx-soapui.jar;C:\Program Files\SmartBear\SoapUI-5.6.0\bin\..\lib\ws-commons-util-1.0.2.jar;C:\Program Files\SmartBear\SoapUI-5.6.0\bin\..\lib\wsdl4j-1.6.2-fixed.jar;C:\Program Files\SmartBear\SoapUI-5.6.0\bin\..\lib\wss4j-1.6.16.jar;C:\Program Files\SmartBear\SoapUI-5.6.0\bin\..\lib\xalan-2.7.1.jar;C:\Program Files\SmartBear\SoapUI-5.6.0\bin\..\lib\xercesImpl-2.9.1.jar;C:\Program Files\SmartBear\SoapUI-5.6.0\bin\..\lib\xml-apis-1.3.04.jar;C:\Program Files\SmartBear\SoapUI-5.6.0\bin\..\lib\xml-apis-2.9.1.jar;C:\Program Files\SmartBear\SoapUI-5.6.0\bin\..\lib\xmlbeans-3.1.1-sb-fixed.jar;C:\Program Files\SmartBear\SoapUI-5.6.0\bin\..\lib\xmlbeans-xmlpublic-2.6.0.jar;C:\Program Files\SmartBear\SoapUI-5.6.0\bin\..\lib\xmlbeans-xpath-2.6.0.jar;C:\Program Files\SmartBear\SoapUI-5.6.0\bin\..\lib\xmlParserAPIs-2.6.2.jar;C:\Program Files\SmartBear\SoapUI-5.6.0\bin\..\lib\xmlsec-1.4.5.jar;C:\Program Files\SmartBear\SoapUI-5.6.0\bin\..\lib\xmltooling-1.3.2-1.jar;C:\Program Files\SmartBear\SoapUI-5.6.0\bin\..\lib\xmlunit-1.2.jar;C:\Program Files\SmartBear\SoapUI-5.6.0\bin\..\lib\xom-1.1.jar;C:\Program Files\SmartBear\SoapUI-5.6.0\bin\..\lib\xstream-1.3.1.jar;C:\Program Files\SmartBear\SoapUI-5.6.0\jre\lib\jfxrt.jar"/><property name="sun.awt.enableExtraMouseButtons" value="true"/><property name="java.vm.vendor" value="Oracle Corporation"/><property name="sun.arch.data.model" value="64"/><property name="user.variant" value=""/><property name="java.vendor.url" value="https://java.oracle.com/"/><property name="user.timezone" value="Asia/Colombo"/><property name="java.vm.specification.version" value="12"/><property name="os.name" value="Windows 10"/><property name="sun.java.launcher" value="SUN_STANDARD"/><property name="user.country" value="US"/><property name="sun.boot.library.path" value="C:\Program Files\SmartBear\SoapUI-5.6.0\jre\bin"/><property name="sun.java.command" value="com.eviware.soapui.tools.SoapUITestCaseRunner -r -j -J -fD:\SoapUI\Projects\SoapProjects\countryInfoService D:\SoapUI\Projects\SoapProjects\countryInfoService\CountryInfoService-soapui-project.xml"/><property name="jdk.debug" value="release"/><property name="sun.cpu.endian" value="little"/><property name="user.home" value="C:\Users\manul.wickramanayaka"/><property name="user.language" value="en"/><property name="java.specification.vendor" value="Oracle Corporation"/><property name="soapui.home" value="C:\Program Files\SmartBear\SoapUI-5.6.0\bin\"/><property name="java.version.date" value="2019-04-16"/><property name="java.home" value="C:\Program Files\SmartBear\SoapUI-5.6.0\jre"/><property name="file.separator" value="\"/><property name="java.vm.compressedOopsMode" value="32-bit"/><property name="line.separator" value="
"/><property name="java.vm.specification.vendor" value="Oracle Corporation"/><property name="java.specification.name" value="Java Platform API Specification"/><property name="soapui.ext.listeners" value="C:\Program Files\SmartBear\SoapUI-5.6.0\bin\listeners"/><property name="java.awt.graphicsenv" value="sun.awt.Win32GraphicsEnvironment"/><property name="user.script" value=""/><property name="sun.management.compiler" value="HotSpot 64-Bit Tiered Compilers"/><property name="java.runtime.version" value="12.0.1+12"/><property name="user.name" value="manul.wickramanayaka"/><property name="path.separator" value=";"/><property name="os.version" value="10.0"/><property name="java.runtime.name" value="OpenJDK Runtime Environment"/><property name="file.encoding" value="Cp1252"/><property name="soapui.ext.libraries" value="C:\Program Files\SmartBear\SoapUI-5.6.0\bin\ext"/><property name="java.vm.name" value="OpenJDK 64-Bit Server VM"/><property name="java.vendor.url.bug" value="https://bugreport.java.com/bugreport/"/><property name="java.io.tmpdir" value="C:\Users\MANUL~1.WIC\AppData\Local\Temp\"/><property name="java.version" value="12.0.1"/><property name="user.dir" value="C:\Program Files\SmartBear\SoapUI-5.6.0\bin"/><property name="os.arch" value="amd64"/><property name="java.vm.specification.name" value="Java Virtual Machine Specification"/><property name="sun.os.patch.level" value=""/><property name="java.library.path" value="C:\Program Files\SmartBear\SoapUI-5.6.0\jre\bin;C:\WINDOWS\Sun\Java\bin;C:\WINDOWS\system32;C:\WINDOWS;C:\Program Files\Common Files\Oracle\Java\javapath;C:\WINDOWS\system32;C:\WINDOWS;C:\WINDOWS\System32\Wbem;C:\WINDOWS\System32\WindowsPowerShell\v1.0\;C:\WINDOWS\System32\OpenSSH\;C:\Program Files\dotnet\;C:\Program Files\Microsoft SQL Server\130\Tools\Binn\;C:\Program Files\nodejs\;C:\Program Files\Git\cmd;C:\Program Files\TortoiseGit\bin;C:\Program Files\Microsoft SQL Server\Client SDK\ODBC\170\Tools\Binn\;C:\apache-maven-3.8.1\bin;C:\Program Files\java\jdk-15.0.2\bin;C:\androidstudio-sdk\platform-tools;C:\androidstudio-sdk\tools;C:\Program Files\gradle-7.0.2\bin;C:\Program Files\MySQL\MySQL Shell 8.0\bin\;C:\Users\manul.wickramanayaka\AppData\Local\Microsoft\WindowsApps;C:\Users\manul.wickramanayaka\.dotnet\tools;C:\Users\manul.wickramanayaka\AppData\Roaming\npm;C:\Users\manul.wickramanayaka\AppData\Local\Programs\Microsoft VS Code\bin;C:\Program Files\java\jdk-15.0.2\bin;;c:\program files\smartbear\soapui-5.6.0\jre\bin;."/><property name="java.vm.info" value="mixed mode"/><property name="java.vendor" value="Oracle Corporation"/><property name="java.vm.version" value="12.0.1+12"/><property name="sun.io.unicode.encoding" value="UnicodeLittle"/><property name="soapui.ext.actions" value="C:\Program Files\SmartBear\SoapUI-5.6.0\bin\actions"/><property name="java.class.version" value="56.0"/><property name="soapui.properties" value="soapui.properties"/></properties><testcase name="CapitalCity TestCase" time="0.878"><properties/></testcase><testcase name="CountriesUsingCurrency TestCase" time="0.219"><properties/></testcase><testcase name="CountryCurrency TestCase" time="0.225"><properties/></testcase><testcase name="CountryFlag TestCase" time="0.232"><properties/></testcase><testcase name="CountryIntPhoneCode TestCase" time="0.666"><properties/></testcase><testcase name="CountryISOCode TestCase" time="0.224"><properties/></testcase><testcase name="CountryName TestCase" time="0.275"><properties/></testcase><testcase name="CurrencyName TestCase" time="0.226"><properties/></testcase><testcase name="FullCountryInfo TestCase" time="0.233"><properties/></testcase><testcase name="FullCountryInfoAllCountries TestCase" time="0.741"><properties/></testcase><testcase name="LanguageISOCode TestCase" time="0.259"><properties/></testcase><testcase name="LanguageName TestCase" time="0.275"><properties/></testcase><testcase name="ListOfContinentsByCode TestCase" time="0.236"><properties/></testcase><testcase name="ListOfContinentsByName TestCase" time="0.359"><properties/></testcase><testcase name="ListOfCountryNamesByCode TestCase" time="0.492"><properties/></testcase><testcase name="ListOfCountryNamesByName TestCase" time="0.432"><properties/></testcase><testcase name="ListOfCountryNamesGroupedByContinent TestCase" time="0.37"><properties/></testcase><testcase name="ListOfCurrenciesByCode TestCase" time="0.252"><properties/></testcase><testcase name="ListOfCurrenciesByName TestCase" time="0.258"><properties/></testcase><testcase name="ListOfLanguagesByCode TestCase" time="0.324"><properties/></testcase><testcase name="ListOfLanguagesByName TestCase" time="0.355"><properties/></testcase></testsuite>